[0m[[0minfo[0m] [0mRunning density.TestGenerator [0m
[0m[[0mdebug[0m] [0mWaiting for threads to exit or System.exit to be called.[0m
[0m[[0mdebug[0m] [0m  Classpath:[0m
[0m[[0mdebug[0m] [0m	/Users/Juste/Documents/ComplexSystems/CityNetwork/Models/Synthetic/Density/omlplugin/target/scala-2.11/classes[0m
[0m[[0mdebug[0m] [0m	/Users/Juste/Documents/ComplexSystems/CityNetwork/Models/Synthetic/Density/omlplugin/lib/jt-all-1.2.0.jar[0m
[0m[[0mdebug[0m] [0m	/Users/Juste/Documents/ComplexSystems/CityNetwork/Models/Synthetic/Density/omlplugin/lib/jts-1.11.jar[0m
[0m[[0mdebug[0m] [0m	/Users/Juste/Documents/ComplexSystems/CityNetwork/Models/Synthetic/Density/omlplugin/lib/xercesImpl-2.4.0.jar[0m
[0m[[0mdebug[0m] [0m	/Users/Juste/.ivy2/cache/org.scala-lang/scala-library/jars/scala-library-2.11.6.jar[0m
[0m[[0mdebug[0m] [0m	/Users/Juste/.ivy2/cache/org.apache.commons/commons-math3/jars/commons-math3-3.5.jar[0m
[0m[[0mdebug[0m] [0m	/Users/Juste/.ivy2/cache/org.scalaforge/scalax/jars/scalax-0.1.jar[0m
[0m[[0mdebug[0m] [0m	/Users/Juste/.ivy2/cache/org.slf4j/slf4j-api/jars/slf4j-api-1.5.0.jar[0m
[0m[[0mdebug[0m] [0m	/Users/Juste/.ivy2/cache/org.jaitools/jt-all/jars/jt-all-1.2.0.jar[0m
[0m[[0mdebug[0m] [0m	/Users/Juste/.ivy2/cache/com.vividsolutions/jts/jars/jts-1.11.jar[0m
[0m[[0mdebug[0m] [0m	/Users/Juste/.ivy2/cache/xerces/xercesImpl/jars/xercesImpl-2.4.0.jar[0m
[0m[[0mdebug[0m] [0mWaiting for thread run-main-0 to terminate.[0m
[0m[[31merror[0m] [0m(run-main-0) java.io.FileNotFoundException:  (No such file or directory)[0m
java.io.FileNotFoundException:  (No such file or directory)
	at java.io.FileOutputStream.open(Native Method)
	at java.io.FileOutputStream.<init>(FileOutputStream.java:221)
	at java.io.FileOutputStream.<init>(FileOutputStream.java:171)
	at java.io.FileWriter.<init>(FileWriter.java:90)
	at density.Generator$class.export_static(Generator.scala:37)
	at density.PADGeneratorLauncher$$anon$1.export_static(PADGeneratorLauncher.scala:29)
	at density.PADGeneratorLauncher.main(PADGeneratorLauncher.scala:44)
	at density.TestGenerator$.simpleTest(TestGenerator.scala:18)
	at density.TestGenerator$.delayedEndpoint$density$TestGenerator$1(TestGenerator.scala:66)
	at density.TestGenerator$delayedInit$body.apply(TestGenerator.scala:6)
	at scala.Function0$class.apply$mcV$sp(Function0.scala:40)
	at scala.runtime.AbstractFunction0.apply$mcV$sp(AbstractFunction0.scala:12)
	at scala.App$$anonfun$main$1.apply(App.scala:76)
	at scala.App$$anonfun$main$1.apply(App.scala:76)
	at scala.collection.immutable.List.foreach(List.scala:381)
	at scala.collection.generic.TraversableForwarder$class.foreach(TraversableForwarder.scala:35)
	at scala.App$class.main(App.scala:76)
	at density.TestGenerator$.main(TestGenerator.scala:6)
	at density.TestGenerator.main(TestGenerator.scala)
	at sun.reflect.NativeMethodAccessorImpl.invoke0(Native Method)
	at sun.reflect.NativeMethodAccessorImpl.invoke(NativeMethodAccessorImpl.java:57)
	at sun.reflect.DelegatingMethodAccessorImpl.invoke(DelegatingMethodAccessorImpl.java:43)
	at java.lang.reflect.Method.invoke(Method.java:606)
	at sbt.Run.invokeMain(Run.scala:67)
	at sbt.Run.run0(Run.scala:61)
	at sbt.Run.sbt$Run$$execute$1(Run.scala:51)
	at sbt.Run$$anonfun$run$1.apply$mcV$sp(Run.scala:55)
	at sbt.Run$$anonfun$run$1.apply(Run.scala:55)
	at sbt.Run$$anonfun$run$1.apply(Run.scala:55)
	at sbt.Logger$$anon$4.apply(Logger.scala:85)
	at sbt.TrapExit$App.run(TrapExit.scala:248)
	at java.lang.Thread.run(Thread.java:745)
[0m[[0mdebug[0m] [0m	Thread run-main-0 exited.[0m
[0m[[0mdebug[0m] [0mInterrupting remaining threads (should be all daemons).[0m
[0m[[0mdebug[0m] [0mSandboxed run complete..[0m
java.lang.RuntimeException: Nonzero exit code: 1
	at scala.sys.package$.error(package.scala:27)
	at sbt.BuildCommon$$anonfun$toError$1.apply(Defaults.scala:1874)
	at sbt.BuildCommon$$anonfun$toError$1.apply(Defaults.scala:1874)
	at scala.Option.foreach(Option.scala:236)
	at sbt.BuildCommon$class.toError(Defaults.scala:1874)
	at sbt.Defaults$.toError(Defaults.scala:35)
	at sbt.Defaults$$anonfun$runTask$1$$anonfun$apply$36$$anonfun$apply$37.apply(Defaults.scala:707)
	at sbt.Defaults$$anonfun$runTask$1$$anonfun$apply$36$$anonfun$apply$37.apply(Defaults.scala:705)
	at scala.Function1$$anonfun$compose$1.apply(Function1.scala:47)
	at sbt.$tilde$greater$$anonfun$$u2219$1.apply(TypeFunctions.scala:40)
	at sbt.std.Transform$$anon$4.work(System.scala:63)
	at sbt.Execute$$anonfun$submit$1$$anonfun$apply$1.apply(Execute.scala:226)
	at sbt.Execute$$anonfun$submit$1$$anonfun$apply$1.apply(Execute.scala:226)
	at sbt.ErrorHandling$.wideConvert(ErrorHandling.scala:17)
	at sbt.Execute.work(Execute.scala:235)
	at sbt.Execute$$anonfun$submit$1.apply(Execute.scala:226)
	at sbt.Execute$$anonfun$submit$1.apply(Execute.scala:226)
	at sbt.ConcurrentRestrictions$$anon$4$$anonfun$1.apply(ConcurrentRestrictions.scala:159)
	at sbt.CompletionService$$anon$2.call(CompletionService.scala:28)
	at java.util.concurrent.FutureTask.run(FutureTask.java:262)
	at java.util.concurrent.Executors$RunnableAdapter.call(Executors.java:471)
	at java.util.concurrent.FutureTask.run(FutureTask.java:262)
	at java.util.concurrent.ThreadPoolExecutor.runWorker(ThreadPoolExecutor.java:1145)
	at java.util.concurrent.ThreadPoolExecutor$Worker.run(ThreadPoolExecutor.java:615)
	at java.lang.Thread.run(Thread.java:745)
[0m[[31merror[0m] [0m(compile:[31mrun[0m) Nonzero exit code: 1[0m
